\BOOKMARK [0][-]{chapter.1}{\376\377\000C\000h\000a\000p\000t\000e\000r\000\040\0001\000.\000\040\000I\000n\000t\000r\000o\000d\000u\000c\000c\000i\000\363\000n}{}% 1
\BOOKMARK [1][-]{section.1.1}{\376\377\0001\000.\000\040\000N\000o\000m\000e\000n\000c\000l\000a\000t\000u\000r\000a}{chapter.1}% 2
\BOOKMARK [0][-]{chapter.2}{\376\377\000C\000h\000a\000p\000t\000e\000r\000\040\0002\000.\000\040\000E\000s\000p\000a\000c\000i\000o\000\040\000A\000f\000\355\000n}{}% 3
\BOOKMARK [1][-]{section.2.1}{\376\377\0001\000.\000\040\000E\000l\000\040\000e\000s\000p\000a\000c\000i\000o\000\040\000a\000f\000\355\000n}{chapter.2}% 4
\BOOKMARK [1][-]{section.2.2}{\376\377\0002\000.\000\040\000P\000r\000o\000p\000i\000e\000d\000a\000d\000e\000s\000\040\000d\000e\000l\000\040\000e\000s\000p\000a\000c\000i\000o\000\040\000a\000f\000\355\000n}{chapter.2}% 5
\BOOKMARK [1][-]{section.2.3}{\376\377\0003\000.\000\040\000V\000e\000c\000t\000o\000r\000\040\000d\000e\000\040\000p\000o\000s\000i\000c\000i\000\363\000n}{chapter.2}% 6
\BOOKMARK [1][-]{section.2.4}{\376\377\0004\000.\000\040\000E\000s\000t\000r\000u\000c\000t\000u\000r\000a\000\040\000a\000f\000\355\000n\000\040\000c\000a\000n\000\363\000n\000i\000c\000a}{chapter.2}% 7
\BOOKMARK [1][-]{section.2.5}{\376\377\0005\000.\000\040\000T\000r\000a\000s\000l\000a\000c\000i\000\363\000n\000\040\000d\000e\000\040\000u\000n\000\040\000v\000e\000c\000t\000o\000r}{chapter.2}% 8
\BOOKMARK [1][-]{section.2.6}{\376\377\0006\000.\000\040\000S\000u\000m\000a\000\040\000d\000e\000\040\000u\000n\000\040\000p\000u\000n\000t\000o\000\040\000y\000\040\000u\000n\000\040\000v\000e\000c\000t\000o\000r}{chapter.2}% 9
\BOOKMARK [1][-]{section.2.7}{\376\377\0007\000.\000\040\000T\000e\000o\000r\000e\000m\000a\000s\000\040\000a\000d\000i\000c\000i\000o\000n\000a\000l\000e\000s}{chapter.2}% 10
\BOOKMARK [0][-]{chapter.3}{\376\377\000C\000h\000a\000p\000t\000e\000r\000\040\0003\000.\000\040\000S\000i\000s\000t\000e\000m\000a\000s\000\040\000d\000e\000\040\000r\000e\000f\000e\000r\000e\000n\000c\000i\000a}{}% 11
\BOOKMARK [1][-]{section.3.1}{\376\377\0001\000.\000\040\000C\000o\000o\000r\000d\000e\000n\000a\000d\000a\000s}{chapter.3}% 12
\BOOKMARK [1][-]{section.3.2}{\376\377\0002\000.\000\040\000A\000f\000i\000n\000e\000s\000\040\000d\000e\000\040\000u\000n\000\040\000p\000u\000n\000t\000o}{chapter.3}% 13
\BOOKMARK [1][-]{section.3.3}{\376\377\0003\000.\000\040\000D\000e\000\040\000u\000n\000\040\000v\000e\000c\000t\000o\000r\000\040\000p\000o\000r\000\040\000d\000o\000s\000\040\000p\000u\000n\000t\000o\000s}{chapter.3}% 14
\BOOKMARK [1][-]{section.3.4}{\376\377\0004\000.\000\040\000D\000e\000l\000\040\000p\000u\000n\000t\000o\000\040\000m\000e\000d\000i\000o\000\040\000d\000e\000\040\000u\000n\000\040\000s\000e\000g\000m\000e\000n\000t\000o}{chapter.3}% 15
\BOOKMARK [1][-]{section.3.5}{\376\377\0005\000.\000\040\000B\000a\000r\000i\000c\000\351\000n\000t\000r\000i\000c\000a\000s}{chapter.3}% 16
\BOOKMARK [1][-]{section.3.6}{\376\377\0006\000.\000\040\000C\000a\000m\000b\000i\000o\000\040\000d\000e\000\040\000s\000i\000s\000t\000e\000m\000a\000\040\000d\000e\000\040\000r\000e\000f\000e\000r\000e\000n\000c\000i\000a}{chapter.3}% 17
\BOOKMARK [1][-]{section.3.7}{\376\377\0007\000.\000\040\000M\000a\000t\000r\000i\000z\000\040\000d\000e\000\040\000c\000a\000m\000b\000i\000o\000\040\000d\000e\000\040\000s\000i\000s\000t\000e\000m\000a\000\040\000d\000e\000\040\000r\000e\000f\000e\000r\000e\000n\000c\000i\000a}{chapter.3}% 18
\BOOKMARK [1][-]{section.3.8}{\376\377\0008\000.\000\040\000T\000e\000o\000r\000e\000m\000a}{chapter.3}% 19
\BOOKMARK [1][-]{section.3.9}{\376\377\0009\000.\000\040\000C\000o\000m\000p\000o\000s\000i\000c\000i\000o\000n\000e\000s\000\040\000d\000e\000\040\000a\000p\000l\000i\000c\000a\000c\000i\000o\000n\000e\000s\000\040\000a\000f\000i\000n\000e\000s\000\040\000c\000o\000n\000\040\000m\000a\000t\000r\000i\000c\000e\000s}{chapter.3}% 20
\BOOKMARK [0][-]{chapter.4}{\376\377\000C\000h\000a\000p\000t\000e\000r\000\040\0004\000.\000\040\000V\000a\000r\000i\000e\000d\000a\000d\000e\000s\000\040\000a\000f\000i\000n\000e\000s\000\040\000y\000\040\000p\000o\000s\000i\000c\000i\000o\000n\000e\000s\000\040\000r\000e\000l\000a\000t\000i\000v\000a\000s}{}% 21
\BOOKMARK [1][-]{section.4.1}{\376\377\0001\000.\000\040\000V\000a\000r\000i\000e\000d\000a\000d\000e\000s\000\040\000A\000f\000i\000n\000e\000s}{chapter.4}% 22
\BOOKMARK [1][-]{section.4.2}{\376\377\0002\000.\000\040\000V\000a\000r\000i\000e\000d\000a\000d\000e\000s\000\040\000a\000f\000i\000n\000e\000s\000\040\000e\000n\000\040\000e\000l\000\040\000p\000l\000a\000n\000o\000\040\000A\0002\000\040}{chapter.4}% 23
\BOOKMARK [1][-]{section.4.3}{\376\377\0003\000.\000\040\000V\000a\000r\000i\000e\000d\000a\000d\000e\000s\000\040\000a\000f\000i\000n\000e\000s\000\040\000e\000n\000\040\000A\0003\000\040}{chapter.4}% 24
\BOOKMARK [1][-]{section.4.4}{\376\377\0004\000.\000\040\000H\000a\000c\000e\000s\000\040\000d\000e\000\040\000v\000a\000r\000i\000e\000d\000a\000d\000e\000s\000\040\000a\000f\000i\000n\000e\000s}{chapter.4}% 25
\BOOKMARK [1][-]{section.4.5}{\376\377\0005\000.\000\040\000P\000o\000s\000i\000c\000i\000o\000n\000e\000s\000\040\000r\000e\000l\000a\000t\000i\000v\000a\000s}{chapter.4}% 26
\BOOKMARK [0][-]{chapter.5}{\376\377\000C\000h\000a\000p\000t\000e\000r\000\040\0005\000.\000\040\000E\000s\000p\000a\000c\000i\000o\000\040\000A\000f\000\355\000n\000\040\000E\000u\000c\000l\000\355\000d\000e\000o}{}% 27
\BOOKMARK [1][-]{section.5.1}{\376\377\0001\000.\000\040\000C\000o\000o\000r\000d\000e\000n\000a\000d\000a\000s\000\040\000c\000o\000v\000a\000r\000i\000a\000n\000t\000e\000s\000\040\000y\000\040\000c\000o\000n\000t\000r\000a\000v\000a\000r\000i\000a\000n\000t\000e\000s}{chapter.5}% 28
\BOOKMARK [1][-]{section.5.2}{\376\377\0002\000.\000\040\000\301\000n\000g\000u\000l\000o\000s}{chapter.5}% 29
\BOOKMARK [1][-]{section.5.3}{\376\377\0003\000.\000\040\000D\000i\000s\000t\000a\000n\000c\000i\000a\000s}{chapter.5}% 30
\BOOKMARK [1][-]{section.5.4}{\376\377\0004\000.\000\040\000I\000s\000o\000m\000e\000t\000r\000\355\000a}{chapter.5}% 31
\BOOKMARK [1][-]{section.5.5}{\376\377\0005\000.\000\040\000E\000j\000e\000m\000p\000l\000o\000s\000\040\000d\000e\000\040\000t\000r\000a\000n\000s\000f\000o\000r\000m\000a\000c\000i\000o\000n\000e\000s}{chapter.5}% 32
\BOOKMARK [1][-]{section.5.6}{\376\377\0006\000.\000\040\000S\000i\000m\000e\000t\000r\000\355\000a\000s}{chapter.5}% 33
\BOOKMARK [1][-]{section.5.7}{\376\377\0007\000.\000\040\000G\000i\000r\000o\000s\000\040\000y\000\040\000r\000o\000t\000a\000c\000i\000o\000n\000e\000s}{chapter.5}% 34
\BOOKMARK [1][-]{section.5.8}{\376\377\0008\000.\000\040\000P\000u\000n\000t\000o\000s\000\040\000f\000i\000j\000o\000s}{chapter.5}% 35
\BOOKMARK [0][-]{chapter.6}{\376\377\000C\000h\000a\000p\000t\000e\000r\000\040\0006\000.\000\040\000G\000r\000u\000p\000o\000\040\000o\000r\000t\000o\000g\000o\000n\000a\000l}{}% 36
\BOOKMARK [1][-]{section.6.1}{\376\377\0001\000.\000\040\000F\000a\000c\000t\000o\000r\000i\000z\000a\000c\000i\000\363\000n\000\040\000Q\000R}{chapter.6}% 37
