\BOOKMARK [1][-]{section.0.1}{\376\377\000B\000i\000b\000l\000i\000o\000g\000r\000a\000f\000\355\000a}{}% 1
\BOOKMARK [0][-]{chapter.1}{\376\377\000C\000a\000m\000p\000o\000\040\000e\000l\000\351\000c\000t\000r\000i\000c\000o}{}% 2
\BOOKMARK [1][-]{subsection.1.0.1}{\376\377\000S\000i\000s\000t\000e\000m\000a\000\040\000d\000e\000\040\000c\000a\000r\000g\000a\000s\000\040\000p\000u\000n\000t\000u\000a\000l\000e\000s}{chapter.1}% 3
\BOOKMARK [1][-]{section.1.1}{\376\377\000S\000i\000s\000t\000e\000m\000a\000s\000\040\000d\000e\000\040\000c\000o\000o\000r\000d\000e\000n\000a\000d\000a\000s}{chapter.1}% 4
\BOOKMARK [1][-]{section.1.2}{\376\377\000D\000i\000s\000t\000r\000i\000b\000u\000c\000i\000o\000n\000e\000s\000\040\000d\000e\000\040\000c\000a\000r\000g\000a\000s\000\040\000c\000o\000n\000t\000i\000n\000u\000a\000s}{chapter.1}% 5
\BOOKMARK [1][-]{section.1.3}{\376\377\000F\000l\000u\000j\000o\000\040\000e\000l\000\351\000c\000t\000r\000i\000c\000o}{chapter.1}% 6
\BOOKMARK [1][-]{section.1.4}{\376\377\000C\000o\000o\000r\000d\000e\000n\000a\000d\000a\000s\000\040\000c\000i\000l\000\355\000n\000d\000r\000i\000c\000a\000s}{chapter.1}% 7
\BOOKMARK [1][-]{section.1.5}{\376\377\000C\000o\000o\000r\000d\000e\000n\000a\000d\000a\000s\000\040\000e\000s\000f\000\351\000r\000i\000c\000a\000s}{chapter.1}% 8
\BOOKMARK [1][-]{section.1.6}{\376\377\000E\000l\000e\000c\000t\000r\000i\000z\000a\000c\000i\000\363\000n\000\040\000d\000e\000\040\000u\000n\000\040\000c\000u\000e\000r\000p\000o}{chapter.1}% 9
\BOOKMARK [2][-]{subsection.1.6.1}{\376\377\000C\000a\000m\000p\000o\000\040\000e\000l\000\351\000c\000t\000r\000i\000c\000o\000\040\000p\000o\000r\000\040\000u\000n\000\040\000d\000i\000p\000o\000l\000o}{section.1.6}% 10
\BOOKMARK [2][-]{subsection.1.6.2}{\376\377\000P\000a\000r\000\040\000d\000e\000\040\000f\000u\000e\000r\000z\000a\000\040\000s\000o\000b\000r\000e\000\040\000u\000n\000\040\000d\000i\000p\000o\000l\000o\000\040\000e\000n\000\040\000u\000n\000\040\000c\000a\000m\000p\000o\000\040\000e\000x\000t\000e\000r\000i\000o\000r}{section.1.6}% 11
\BOOKMARK [0][-]{chapter.2}{\376\377\000P\000o\000t\000e\000n\000c\000i\000a\000l\000\040\000E\000l\000\351\000c\000t\000r\000i\000c\000o}{}% 12
\BOOKMARK [1][-]{section.2.1}{\376\377\000T\000r\000a\000b\000a\000j\000o\000\040\000y\000\040\000e\000n\000e\000r\000g\000\355\000a\000\040\000p\000o\000t\000e\000n\000c\000i\000a\000l}{chapter.2}% 13
\BOOKMARK [1][-]{section.2.2}{\376\377\000P\000o\000t\000e\000n\000c\000i\000a\000l\000\040\000e\000l\000\351\000c\000t\000r\000i\000c\000o}{chapter.2}% 14
\BOOKMARK [1][-]{section.2.3}{\376\377\000C\000a\000m\000p\000o\000\040\000v\000e\000c\000t\000o\000r\000i\000a\000l}{chapter.2}% 15
\BOOKMARK [1][-]{section.2.4}{\376\377\000P\000o\000t\000e\000n\000c\000i\000a\000l\000\040\000p\000o\000r\000\040\000u\000n\000a\000\040\000d\000i\000s\000t\000r\000i\000b\000u\000c\000i\000\363\000n\000\040\000d\000e\000\040\000c\000a\000r\000g\000a}{chapter.2}% 16
\BOOKMARK [1][-]{section.2.5}{\376\377\000P\000o\000t\000e\000n\000c\000i\000a\000l\000\040\000p\000o\000r\000\040\000d\000i\000s\000t\000r\000i\000b\000u\000c\000i\000\363\000n\000\040\000d\000e\000\040\000c\000a\000r\000g\000a\000\040\000c\000o\000n\000t\000i\000n\000u\000a}{chapter.2}% 17
\BOOKMARK [2][-]{subsection.2.5.1}{\376\377\000L\000i\000n\000e\000a\000l}{section.2.5}% 18
\BOOKMARK [2][-]{subsection.2.5.2}{\376\377\000S\000u\000p\000e\000r\000f\000i\000c\000i\000e\000\040\000e\000q\000u\000i\000p\000o\000t\000e\000n\000c\000i\000a\000l}{section.2.5}% 19
\BOOKMARK [1][-]{section.2.6}{\376\377\000P\000r\000i\000n\000c\000i\000p\000i\000o\000s\000\040\000d\000e\000\040\000l\000a\000\040\000t\000r\000a\000n\000s\000f\000e\000r\000e\000n\000c\000i\000a\000\040\000d\000e\000\040\000l\000a\000\040\000c\000a\000r\000g\000a\000\040\000e\000n\000\040\000u\000n\000\040\000c\000o\000n\000d\000u\000c\000t\000o\000r}{chapter.2}% 20
\BOOKMARK [1][-]{section.2.7}{\376\377\000T\000r\000a\000n\000s\000f\000e\000r\000e\000n\000c\000i\000a\000\040\000d\000e\000\040\000c\000a\000r\000g\000a}{chapter.2}% 21
\BOOKMARK [1][-]{section.2.8}{\376\377\000M\000o\000v\000i\000m\000i\000e\000n\000t\000o\000\040\000d\000e\000\040\000c\000a\000r\000g\000a\000s\000\040\000e\000n\000t\000r\000e\000\040\000c\000o\000n\000d\000u\000c\000t\000o\000r\000e\000s}{chapter.2}% 22
\BOOKMARK [1][-]{section.2.9}{\376\377\000E\000n\000e\000r\000g\000\355\000a\000\040\000e\000l\000e\000c\000t\000r\000o\000e\000s\000t\000\341\000t\000i\000c\000a\000\040\000a\000s\000o\000c\000i\000a\000d\000a\000\040\000a\000\040\000c\000a\000r\000g\000a\000s\000\040\000p\000u\000n\000t\000u\000a\000l\000e\000s}{chapter.2}% 23
\BOOKMARK [0][-]{chapter.3}{\376\377\000C\000o\000r\000r\000i\000e\000n\000t\000e\000\040\000E\000l\000\351\000c\000t\000r\000i\000c\000a}{}% 24
\BOOKMARK [1][-]{section.3.1}{\376\377\000T\000i\000p\000o\000s\000\040\000d\000e\000\040\000c\000o\000n\000d\000u\000c\000t\000o\000r\000e\000s}{chapter.3}% 25
\BOOKMARK [1][-]{section.3.2}{\376\377\000C\000o\000r\000r\000i\000e\000n\000t\000e}{chapter.3}% 26
\BOOKMARK [2][-]{subsection.3.2.1}{\376\377\000G\000e\000n\000e\000r\000a\000d\000o\000r\000e\000s}{section.3.2}% 27
\BOOKMARK [1][-]{section.3.3}{\376\377\000P\000a\000r\000\341\000m\000e\000t\000r\000o\000s\000\040\000c\000a\000r\000a\000c\000t\000e\000r\000\355\000s\000t\000i\000c\000o\000s}{chapter.3}% 28
\BOOKMARK [1][-]{section.3.4}{\376\377\000D\000e\000n\000s\000i\000d\000a\000d\000\040\000d\000e\000\040\000c\000o\000r\000r\000i\000e\000n\000t\000e\000\040\000y\000\040\000c\000a\000m\000p\000o\000\040\000e\000l\000\351\000c\000t\000r\000i\000c\000o}{chapter.3}% 29
