\BOOKMARK [1][-]{section.0.1}{\376\377\0001\000.\000\040\000B\000i\000b\000l\000i\000o\000g\000r\000a\000f\000\355\000a}{}% 1
\BOOKMARK [0][-]{chapter.1}{\376\377\000C\000h\000a\000p\000t\000e\000r\000\040\0001\000.\000\040\000E\000l\000\040\000e\000s\000p\000a\000c\000i\000o\000\040\000R\000n}{}% 2
\BOOKMARK [1][-]{section.1.1}{\376\377\0001\000.\000\040\000E\000l\000\040\000c\000o\000n\000j\000u\000n\000t\000o\000\040\000R\000n}{chapter.1}% 3
\BOOKMARK [1][-]{section.1.2}{\376\377\0002\000.\000\040\000E\000l\000\040\000s\000\355\000m\000b\000o\000l\000o\000\040\000d\000e\000\040\000L\000e\000v\000i\000-\000C\000i\000v\000i\000t\000a\000\040\000o\000\040\000s\000\355\000m\000b\000o\000l\000o\000\040\000t\000o\000t\000a\000l\000m\000e\000n\000t\000e\000\040\000a\000n\000t\000i\000s\000i\000m\000\351\000t\000r\000i\000c\000o}{chapter.1}% 4
\BOOKMARK [1][-]{section.1.3}{\376\377\0003\000.\000\040\000T\000o\000p\000o\000l\000o\000g\000\355\000a\000\040\000e\000n\000\040\000R\000n}{chapter.1}% 5
\BOOKMARK [1][-]{section.1.4}{\376\377\0004\000.\000\040\000F\000u\000n\000c\000i\000o\000n\000e\000s\000\040\000e\000n\000\040\000R\000n\000\040}{chapter.1}% 6
\BOOKMARK [0][-]{chapter.2}{\376\377\000C\000h\000a\000p\000t\000e\000r\000\040\0002\000.\000\040\000C\000o\000n\000t\000i\000n\000u\000i\000d\000a\000d}{}% 7
\BOOKMARK [1][-]{section.2.1}{\376\377\0001\000.\000\040\000C\000o\000n\000t\000i\000n\000u\000i\000d\000a\000d}{chapter.2}% 8
\BOOKMARK [0][-]{chapter.3}{\376\377\000C\000h\000a\000p\000t\000e\000r\000\040\0003\000.\000\040\000D\000i\000f\000e\000r\000e\000n\000c\000i\000a\000b\000i\000l\000i\000d\000a\000d}{}% 9
\BOOKMARK [1][-]{section.3.1}{\376\377\0001\000.\000\040\000D\000e\000r\000i\000v\000a\000d\000a\000s\000\040\000d\000e\000\040\000c\000a\000m\000p\000o\000s\000\040\000e\000s\000c\000a\000l\000a\000r\000e\000s}{chapter.3}% 10
\BOOKMARK [1][-]{section.3.2}{\376\377\0002\000.\000\040\000D\000e\000r\000i\000v\000a\000d\000a\000s\000\040\000p\000a\000r\000c\000i\000a\000l\000e\000s}{chapter.3}% 11
\BOOKMARK [1][-]{section.3.3}{\376\377\0003\000.\000\040\000L\000a\000\040\000d\000i\000f\000e\000r\000e\000n\000c\000i\000a\000l}{chapter.3}% 12
\BOOKMARK [1][-]{section.3.4}{\376\377\0004\000.\000\040\000C\000\341\000l\000c\000u\000l\000o\000\040\000d\000e\000\040\000p\000l\000a\000n\000o\000s\000\040\000t\000a\000n\000g\000e\000n\000t\000e\000s\000\040\000a\000\040\000f\000u\000n\000c\000i\000o\000n\000e\000s\000\040\000e\000n\000\040\000p\000u\000n\000t\000o\000s}{chapter.3}% 13
\BOOKMARK [1][-]{section.3.5}{\376\377\0005\000.\000\040\000D\000i\000f\000e\000r\000e\000n\000c\000i\000a\000l\000\040\000p\000a\000r\000a\000\040\000c\000a\000m\000p\000o\000s\000\040\000v\000e\000c\000t\000o\000r\000i\000a\000l\000e\000s}{chapter.3}% 14
\BOOKMARK [1][-]{section.3.6}{\376\377\0006\000.\000\040\000D\000e\000r\000i\000v\000a\000d\000a\000s\000\040\000p\000a\000r\000c\000i\000a\000l\000e\000s\000\040\000d\000e\000\040\000o\000r\000d\000e\000n\000\040\000s\000u\000p\000e\000r\000i\000o\000r}{chapter.3}% 15
\BOOKMARK [1][-]{section.3.7}{\376\377\0007\000.\000\040\000P\000o\000l\000i\000n\000o\000m\000i\000o\000\040\000d\000e\000\040\000T\000a\000y\000l\000o\000r}{chapter.3}% 16
\BOOKMARK [1][-]{section.3.8}{\376\377\0008\000.\000\040\000R\000e\000g\000l\000a\000\040\000d\000e\000\040\000l\000a\000\040\000c\000a\000d\000e\000n\000a}{chapter.3}% 17
\BOOKMARK [0][-]{chapter.4}{\376\377\000C\000h\000a\000p\000t\000e\000r\000\040\0004\000.\000\040\000F\000u\000n\000c\000i\000o\000n\000e\000s\000\040\000I\000m\000p\000l\000\355\000c\000i\000t\000a\000s}{}% 18
\BOOKMARK [1][-]{section.4.1}{\376\377\0001\000.\000\040\000F\000u\000n\000c\000i\000o\000n\000e\000s\000\040\000I\000n\000v\000e\000r\000s\000a\000s}{chapter.4}% 19
\BOOKMARK [1][-]{section.4.2}{\376\377\0002\000.\000\040\000E\000x\000t\000r\000e\000m\000o\000s\000\040\000d\000e\000\040\000f\000u\000n\000c\000i\000o\000n\000e\000s\000\040\000e\000s\000c\000a\000l\000a\000r\000e\000s}{chapter.4}% 20
\BOOKMARK [1][-]{section.4.3}{\376\377\0003\000.\000\040\000C\000\341\000l\000c\000u\000l\000o\000\040\000d\000e\000\040\000e\000x\000t\000r\000e\000m\000o\000s\000\040\000e\000n\000\040\000c\000o\000n\000j\000u\000n\000t\000o\000s\000\040\000c\000o\000m\000p\000a\000c\000t\000o\000s}{chapter.4}% 21
\BOOKMARK [1][-]{section.4.4}{\376\377\0004\000.\000\040\000E\000x\000t\000r\000e\000m\000o\000s\000\040\000c\000o\000n\000d\000i\000c\000i\000o\000n\000a\000d\000o\000s\000\040\000y\000\040\000m\000u\000l\000t\000i\000p\000l\000i\000c\000a\000d\000o\000r\000e\000s\000\040\000d\000e\000\040\000L\000a\000g\000r\000a\000n\000g\000e}{chapter.4}% 22
\BOOKMARK [0][-]{chapter.5}{\376\377\000C\000h\000a\000p\000t\000e\000r\000\040\0005\000.\000\040\000L\000a\000\040\000i\000n\000t\000e\000g\000r\000a\000l\000\040\000d\000e\000\040\000L\000e\000b\000e\000s\000g\000u\000e}{}% 23
\BOOKMARK [1][-]{section.5.1}{\376\377\0001\000.\000\040\000S\000o\000b\000r\000e\000\040\000l\000a\000\040\000i\000n\000t\000e\000g\000r\000a\000l\000\040\000d\000e\000\040\000R\000i\000e\000m\000a\000n\000n}{chapter.5}% 24
\BOOKMARK [1][-]{section.5.2}{\376\377\0002\000.\000\040\000U\000n\000a\000\040\000n\000u\000e\000v\000a\000\040\000i\000n\000t\000e\000g\000r\000a\000l}{chapter.5}% 25
\BOOKMARK [1][-]{section.5.3}{\376\377\0003\000.\000\040\000M\000e\000d\000i\000d\000a\000\040\000d\000e\000\040\000L\000e\000b\000e\000s\000g\000u\000e}{chapter.5}% 26
\BOOKMARK [1][-]{section.5.4}{\376\377\0004\000.\000\040\000I\000n\000t\000e\000g\000r\000a\000c\000i\000\363\000n\000\040\000d\000e\000\040\000L\000e\000b\000e\000s\000g\000u\000e}{chapter.5}% 27
